<?xml version="1.0" encoding="UTF-8"?>
<testng-results ignored="0" total="1" passed="1" failed="0" skipped="0">
  <reporter-output>
    <line>
      <![CDATA[Open Browser "OrangeHRM" web page]]>
    </line>
    <line>
      <![CDATA[Enter Username and Password]]>
    </line>
  </reporter-output>
  <suite started-at="2021-02-13T11:33:59 CST" name="Default suite" finished-at="2021-02-13T11:34:05 CST" duration-ms="5372">
    <groups>
    </groups>
    <test started-at="2021-02-13T11:33:59 CST" name="Default test" finished-at="2021-02-13T11:34:05 CST" duration-ms="5372">
      <class name="com.opensource.admin.qa.TC001_Admin_SearchEmployee">
        <test-method is-config="true" signature="beforeTest()[pri:0, instance:com.opensource.admin.qa.TC001_Admin_SearchEmployee@2525ff7e]" started-at="2021-02-13T11:33:59 CST" name="beforeTest" finished-at="2021-02-13T11:33:59 CST" duration-ms="8" status="PASS">
          <reporter-output>
          </reporter-output>
        </test-method> <!-- beforeTest -->
        <test-method signature="TC001_Admin_SearchEmployee_tc()[pri:0, instance:com.opensource.admin.qa.TC001_Admin_SearchEmployee@2525ff7e]" started-at="2021-02-13T11:34:00 CST" name="TC001_Admin_SearchEmployee_tc" finished-at="2021-02-13T11:34:05 CST" duration-ms="5300" status="PASS">
          <reporter-output>
            <line>
              <![CDATA[Open Browser "OrangeHRM" web page]]>
            </line>
            <line>
              <![CDATA[Enter Username and Password]]>
            </line>
          </reporter-output>
        </test-method> <!-- TC001_Admin_SearchEmployee_tc -->
        <test-method is-config="true" signature="afterTest()[pri:0, instance:com.opensource.admin.qa.TC001_Admin_SearchEmployee@2525ff7e]" started-at="2021-02-13T11:34:05 CST" name="afterTest" finished-at="2021-02-13T11:34:05 CST" duration-ms="0" status="PASS">
          <reporter-output>
          </reporter-output>
        </test-method> <!-- afterTest -->
      </class> <!-- com.opensource.admin.qa.TC001_Admin_SearchEmployee -->
    </test> <!-- Default test -->
  </suite> <!-- Default suite -->
</testng-results>
